<?xml version="1.0" encoding="UTF-8"?>
<testsuite name="com.arolitec.todo.web.TaskerTest" tests="1" skipped="0" failures="0" errors="0" timestamp="2017-07-14T17:14:27" hostname="aroli-dev-sp-pc" time="8.844">
  <properties/>
  <testcase name="theTaskerHomepage" classname="com.arolitec.todo.web.TaskerTest" time="8.844"/>
  <system-out><![CDATA[]]></system-out>
  <system-err><![CDATA[1500052469084	geckodriver	INFO	geckodriver 0.18.0
1500052469092	geckodriver	INFO	Listening on 127.0.0.1:17507
1500052469375	geckodriver::marionette	INFO	Starting browser /usr/lib/firefox/firefox with args ["-marionette"]
1500052472928	Marionette	INFO	Listening on port 38345
Jul 14, 2017 5:14:33 PM org.openqa.selenium.remote.ProtocolHandshake createSession
INFO: Detected dialect: W3C
]]></system-err>
</testsuite>
