<?xml version="1.0" encoding="UTF-8"?>
<testsuite name="com.arolitec.todo.repository.H2TaskRepositoryIntegTest" tests="6" skipped="0" failures="0" errors="0" timestamp="2017-07-14T17:14:16" hostname="aroli-dev-sp-pc" time="0.446">
  <properties/>
  <testcase name="testInsertToDoItem" classname="com.arolitec.todo.repository.H2TaskRepositoryIntegTest" time="0.148"/>
  <testcase name="testFindAllCompleted" classname="com.arolitec.todo.repository.H2TaskRepositoryIntegTest" time="0.058"/>
  <testcase name="testFindAll" classname="com.arolitec.todo.repository.H2TaskRepositoryIntegTest" time="0.086"/>
  <testcase name="testDeleteToDoItem" classname="com.arolitec.todo.repository.H2TaskRepositoryIntegTest" time="0.052"/>
  <testcase name="testFindAllActive" classname="com.arolitec.todo.repository.H2TaskRepositoryIntegTest" time="0.047"/>
  <testcase name="testUpdateToDoItem" classname="com.arolitec.todo.repository.H2TaskRepositoryIntegTest" time="0.053"/>
  <system-out><![CDATA[]]></system-out>
  <system-err><![CDATA[]]></system-err>
</testsuite>
